<?xml version="1.0" encoding="UTF-8"?>
<!-- Generated by org.testng.reporters.JUnitXMLReporter -->
<testsuite hostname="LAPTOP-INV4FEQ8" ignored="0" name="Default test" tests="15" failures="0" timestamp="2022-09-22T22:18:39 EDT" time="0.083" errors="0">
  <testcase name="Credentials" time="0.007" classname="testCases.Multiple_Test_Cases"/>
  <testcase name="Credentials" time="0.002" classname="testCases.Multiple_Test_Cases"/>
  <testcase name="Credentials" time="0.001" classname="testCases.Multiple_Test_Cases"/>
  <testcase name="clickOnSignIn" time="0.001" classname="testCases.Multiple_Test_Cases"/>
  <testcase name="clickOnSignIn" time="0.001" classname="testCases.Multiple_Test_Cases"/>
  <testcase name="clickOnSignIn" time="0.001" classname="testCases.Multiple_Test_Cases"/>
  <testcase name="goBacktoLandingPage" time="0.001" classname="testCases.Multiple_Test_Cases"/>
  <testcase name="goBacktoLandingPage" time="0.002" classname="testCases.Multiple_Test_Cases"/>
  <testcase name="goBacktoLandingPage" time="0.002" classname="testCases.Multiple_Test_Cases"/>
  <testcase name="launchUrl" time="0.001" classname="testCases.Multiple_Test_Cases"/>
  <testcase name="launchUrl" time="0.001" classname="testCases.Multiple_Test_Cases"/>
  <testcase name="launchUrl" time="0.001" classname="testCases.Multiple_Test_Cases"/>
  <testcase name="logOut" time="0.001" classname="testCases.Multiple_Test_Cases"/>
  <testcase name="logOut" time="0.001" classname="testCases.Multiple_Test_Cases"/>
  <testcase name="logOut" time="0.001" classname="testCases.Multiple_Test_Cases"/>
</testsuite> <!-- Default test -->
