<?xml version="1.0" encoding="UTF-8"?>
<!-- Generated by org.testng.reporters.JUnitXMLReporter -->
<testsuite hostname="LAPTOP-INV4FEQ8" ignored="0" name="Test" tests="6" failures="0" timestamp="2022-10-20T22:03:15 EDT" time="46.433" errors="0">
  <testcase name="testcase1" time="8.958" classname="oct20th_2022_session.Parallel_TestNG_Class2"/>
  <testcase name="testcase1" time="10.345" classname="oct20th_2022_session.Parallel_TestNG_Class2"/>
  <testcase name="testcase2" time="7.559" classname="oct20th_2022_session.Parallel_TestNG_Class2"/>
  <testcase name="testcase2" time="7.699" classname="oct20th_2022_session.Parallel_TestNG_Class2"/>
  <testcase name="testcase3" time="13.726" classname="oct20th_2022_session.Parallel_TestNG_Class2"/>
  <testcase name="testcase3" time="28.347" classname="oct20th_2022_session.Parallel_TestNG_Class2"/>
</testsuite> <!-- Test -->
