<?xml version="1.0" encoding="UTF-8"?>
<testng-results skipped="0" failed="0" ignored="0" total="1" passed="1">
  <reporter-output>
  </reporter-output>
  <suite name="Suite" duration-ms="12112" started-at="2022-09-29T21:39:51 EDT" finished-at="2022-09-29T21:40:03 EDT">
    <groups>
    </groups>
    <test name="Test" duration-ms="12112" started-at="2022-09-29T21:39:51 EDT" finished-at="2022-09-29T21:40:03 EDT">
      <class name="testng.code.TesTNG_Parameterization">
        <test-method status="PASS" signature="rediffParameterization(java.lang.String,java.lang.String,java.lang.String,java.lang.String)[pri:0, instance:testng.code.TesTNG_Parameterization@365185bd]" name="rediffParameterization" duration-ms="12042" started-at="2022-09-29T21:39:51 EDT" finished-at="2022-09-29T21:40:03 EDT">
          <params>
            <param index="0">
              <value>
                <![CDATA[Chrome]]>
              </value>
            </param>
            <param index="1">
              <value>
                <![CDATA[https://mail.rediff.com/cgi-bin/login.cgi]]>
              </value>
            </param>
            <param index="2">
              <value>
                <![CDATA[seleniumpanda@rediffmail.com]]>
              </value>
            </param>
            <param index="3">
              <value>
                <![CDATA[Selenium@123]]>
              </value>
            </param>
          </params>
          <reporter-output>
          </reporter-output>
        </test-method> <!-- rediffParameterization -->
      </class> <!-- testng.code.TesTNG_Parameterization -->
    </test> <!-- Test -->
  </suite> <!-- Suite -->
</testng-results>
