<?xml version="1.0" encoding="UTF-8"?>
<testng-results skipped="0" failed="0" ignored="0" total="6" passed="6">
  <reporter-output>
  </reporter-output>
  <suite name="Suite" duration-ms="46433" started-at="2022-10-20T22:02:28 EDT" finished-at="2022-10-20T22:03:15 EDT">
    <groups>
    </groups>
    <test name="Test" duration-ms="46433" started-at="2022-10-20T22:02:28 EDT" finished-at="2022-10-20T22:03:15 EDT">
      <class name="oct20th_2022_session.Parallel_TestNG_Class2">
        <test-method status="PASS" signature="testcase1()[pri:0, instance:oct20th_2022_session.Parallel_TestNG_Class2@2de8284b]" name="testcase1" duration-ms="10345" started-at="2022-10-20T22:02:28 EDT" finished-at="2022-10-20T22:02:39 EDT">
          <reporter-output>
          </reporter-output>
        </test-method> <!-- testcase1 -->
        <test-method status="PASS" signature="testcase1()[pri:0, instance:oct20th_2022_session.Parallel_TestNG_Class2@2de8284b]" name="testcase1" duration-ms="8958" started-at="2022-10-20T22:02:28 EDT" finished-at="2022-10-20T22:02:37 EDT">
          <reporter-output>
          </reporter-output>
        </test-method> <!-- testcase1 -->
        <test-method status="PASS" signature="testcase2()[pri:0, instance:oct20th_2022_session.Parallel_TestNG_Class2@2de8284b]" name="testcase2" duration-ms="7559" started-at="2022-10-20T22:02:39 EDT" finished-at="2022-10-20T22:02:46 EDT">
          <reporter-output>
          </reporter-output>
        </test-method> <!-- testcase2 -->
        <test-method status="PASS" signature="testcase2()[pri:0, instance:oct20th_2022_session.Parallel_TestNG_Class2@2de8284b]" name="testcase2" duration-ms="7699" started-at="2022-10-20T22:02:39 EDT" finished-at="2022-10-20T22:02:46 EDT">
          <reporter-output>
          </reporter-output>
        </test-method> <!-- testcase2 -->
        <test-method status="PASS" signature="testcase3()[pri:0, instance:oct20th_2022_session.Parallel_TestNG_Class2@2de8284b]" name="testcase3" duration-ms="13726" started-at="2022-10-20T22:02:46 EDT" finished-at="2022-10-20T22:03:00 EDT">
          <reporter-output>
          </reporter-output>
        </test-method> <!-- testcase3 -->
        <test-method status="PASS" signature="testcase3()[pri:0, instance:oct20th_2022_session.Parallel_TestNG_Class2@2de8284b]" name="testcase3" duration-ms="28347" started-at="2022-10-20T22:02:46 EDT" finished-at="2022-10-20T22:03:15 EDT">
          <reporter-output>
          </reporter-output>
        </test-method> <!-- testcase3 -->
      </class> <!-- oct20th_2022_session.Parallel_TestNG_Class2 -->
    </test> <!-- Test -->
  </suite> <!-- Suite -->
</testng-results>
